cl : command line warning D9035: option 'Gm' has been deprecated and will be removed in a future release
  XOR3.cpp
  XOR2.cpp
  XNOR2.cpp
  Switch.cpp
  Simulate.cpp
  Select.cpp
C:\Users\sohad\Desktop\Project Code Framework\Select.cpp(30,30): warning C4244: 'argument': conversion from 'int' to 'float', possible loss of data
C:\Users\sohad\Desktop\Project Code Framework\Select.cpp(30,27): warning C4244: 'argument': conversion from 'int' to 'float', possible loss of data
C:\Users\sohad\Desktop\Project Code Framework\Select.cpp(28,15): warning C4101: 'GInfo': unreferenced local variable
  Save.cpp
  Paste.cpp
  OR2.cpp
  NOR3.cpp
  NOR2.cpp
  NAND2.cpp
  main.cpp
  Load.cpp
  LED.cpp
  INV.cpp
  Output.cpp
  Input.cpp
  Edit.cpp
C:\Users\sohad\Desktop\Project Code Framework\Edit.cpp(25,31): warning C4244: 'argument': conversion from 'int' to 'float', possible loss of data
C:\Users\sohad\Desktop\Project Code Framework\Edit.cpp(25,27): warning C4244: 'argument': conversion from 'int' to 'float', possible loss of data
C:\Users\sohad\Desktop\Project Code Framework\Edit.cpp(65,53): warning C4244: 'argument': conversion from 'int' to 'float', possible loss of data
C:\Users\sohad\Desktop\Project Code Framework\Edit.cpp(65,49): warning C4244: 'argument': conversion from 'int' to 'float', possible loss of data
C:\Users\sohad\Desktop\Project Code Framework\Edit.cpp(66,56): warning C4244: 'argument': conversion from 'int' to 'float', possible loss of data
C:\Users\sohad\Desktop\Project Code Framework\Edit.cpp(66,52): warning C4244: 'argument': conversion from 'int' to 'float', possible loss of data
  Delete.cpp
C:\Users\sohad\Desktop\Project Code Framework\Delete.cpp(34,30): warning C4244: 'argument': conversion from 'int' to 'float', possible loss of data
C:\Users\sohad\Desktop\Project Code Framework\Delete.cpp(34,27): warning C4244: 'argument': conversion from 'int' to 'float', possible loss of data
C:\Users\sohad\Desktop\Project Code Framework\Delete.cpp(37,32): warning C4244: 'argument': conversion from 'int' to 'float', possible loss of data
C:\Users\sohad\Desktop\Project Code Framework\Delete.cpp(37,29): warning C4244: 'argument': conversion from 'int' to 'float', possible loss of data
  Generating Code...
  Compiling...
  Cut.cpp
C:\Users\sohad\Desktop\Project Code Framework\Cut.cpp(32,30): warning C4244: 'argument': conversion from 'int' to 'float', possible loss of data
C:\Users\sohad\Desktop\Project Code Framework\Cut.cpp(32,27): warning C4244: 'argument': conversion from 'int' to 'float', possible loss of data
C:\Users\sohad\Desktop\Project Code Framework\Cut.cpp(30,15): warning C4101: 'GInfo': unreferenced local variable
  Copy.cpp
C:\Users\sohad\Desktop\Project Code Framework\Copy.cpp(32,30): warning C4244: 'argument': conversion from 'int' to 'float', possible loss of data
C:\Users\sohad\Desktop\Project Code Framework\Copy.cpp(32,27): warning C4244: 'argument': conversion from 'int' to 'float', possible loss of data
C:\Users\sohad\Desktop\Project Code Framework\Copy.cpp(30,15): warning C4101: 'GInfo': unreferenced local variable
  ApplicationManager.cpp
C:\Users\sohad\Desktop\Project Code Framework\ApplicationManager.cpp(387,6): warning C4101: 'idnumber': unreferenced local variable
C:\Users\sohad\Desktop\Project Code Framework\ApplicationManager.cpp(389,6): warning C4101: 'tmpx2': unreferenced local variable
C:\Users\sohad\Desktop\Project Code Framework\ApplicationManager.cpp(388,6): warning C4101: 'tmpx1': unreferenced local variable
  Pin.cpp
  OutputPin.cpp
  InputPin.cpp
  Gate.cpp
C:\Users\sohad\Desktop\Project Code Framework\Components\Gate.cpp(40,33): warning C4244: '=': conversion from 'double' to 'int', possible loss of data
C:\Users\sohad\Desktop\Project Code Framework\Components\Gate.cpp(145,53): warning C4244: '=': conversion from 'double' to 'int', possible loss of data
C:\Users\sohad\Desktop\Project Code Framework\Components\Gate.cpp(209,33): warning C4244: '=': conversion from 'double' to 'int', possible loss of data
  Connection.cpp
  Component.cpp
  AND2.cpp
  windowinput.cpp
  mousequeue.cpp
  keyqueue.cpp
  image.cpp
C:\Users\sohad\Desktop\Project Code Framework\CMUgraphicsLib\image.cpp(115,29): warning C4018: '<': signed/unsigned mismatch
  CMUgraphics.cpp
C:\Users\sohad\Desktop\Project Code Framework\CMUgraphicsLib\CMUgraphics.cpp(751,3): warning C4996: 'strcpy': This function or variable may be unsafe. Consider using strcpy_s instead. To disable deprecation, use _CRT_SECURE_NO_WARNINGS. See online help for details.
C:\Users\sohad\Desktop\Project Code Framework\CMUgraphicsLib\CMUgraphics.cpp(1164,2): warning C4996: 'sprintf': This function or variable may be unsafe. Consider using sprintf_s instead. To disable deprecation, use _CRT_SECURE_NO_WARNINGS. See online help for details.
C:\Users\sohad\Desktop\Project Code Framework\CMUgraphicsLib\CMUgraphics.cpp(1171,2): warning C4996: 'sprintf': This function or variable may be unsafe. Consider using sprintf_s instead. To disable deprecation, use _CRT_SECURE_NO_WARNINGS. See online help for details.
C:\Users\sohad\Desktop\Project Code Framework\CMUgraphicsLib\CMUgraphics.cpp(1202,2): warning C4996: 'sprintf': This function or variable may be unsafe. Consider using sprintf_s instead. To disable deprecation, use _CRT_SECURE_NO_WARNINGS. See online help for details.
C:\Users\sohad\Desktop\Project Code Framework\CMUgraphicsLib\CMUgraphics.cpp(1210,2): warning C4996: 'sprintf': This function or variable may be unsafe. Consider using sprintf_s instead. To disable deprecation, use _CRT_SECURE_NO_WARNINGS. See online help for details.
C:\Users\sohad\Desktop\Project Code Framework\CMUgraphicsLib\CMUgraphics.cpp(1357,23): warning C4018: '>': signed/unsigned mismatch
  auxil.cpp
  ChangeSwitch.cpp
C:\Users\sohad\Desktop\Project Code Framework\ChangeSwitch.cpp(34,42): warning C4244: 'argument': conversion from 'int' to 'float', possible loss of data
C:\Users\sohad\Desktop\Project Code Framework\ChangeSwitch.cpp(34,38): warning C4244: 'argument': conversion from 'int' to 'float', possible loss of data
C:\Users\sohad\Desktop\Project Code Framework\ChangeSwitch.cpp(33,15): warning C4101: 'GInfo': unreferenced local variable
  Buff.cpp
  AND3.cpp
  AddXORgate3.cpp
  Generating Code...
C:\Users\sohad\Desktop\Project Code Framework\Components\Gate.cpp(159): warning C4715: 'Gate::getInputPinNo': not all control paths return a value
C:\Users\sohad\Desktop\Project Code Framework\ApplicationManager.cpp(272): warning C4715: 'ApplicationManager::CheckFloatingPins': not all control paths return a value
  Compiling...
  AddXORgate2.cpp
  AddXNORgate2.cpp
  Addswitch.cpp
  AddORgate2.cpp
  AddNORgate3.cpp
  AddNORgate2.cpp
  AddNANDgate2.cpp
  AddLED.cpp
  AddLabel.cpp
C:\Users\sohad\Desktop\Project Code Framework\AddLabel.cpp(27,32): warning C4244: 'argument': conversion from 'int' to 'float', possible loss of data
C:\Users\sohad\Desktop\Project Code Framework\AddLabel.cpp(27,28): warning C4244: 'argument': conversion from 'int' to 'float', possible loss of data
  AddINVgate.cpp
  AddConnection.cpp
C:\Users\sohad\Desktop\Project Code Framework\AddConnection.cpp(42,40): warning C4244: 'argument': conversion from 'int' to 'float', possible loss of data
C:\Users\sohad\Desktop\Project Code Framework\AddConnection.cpp(42,36): warning C4244: 'argument': conversion from 'int' to 'float', possible loss of data
C:\Users\sohad\Desktop\Project Code Framework\AddConnection.cpp(43,42): warning C4244: 'argument': conversion from 'int' to 'float', possible loss of data
C:\Users\sohad\Desktop\Project Code Framework\AddConnection.cpp(43,38): warning C4244: 'argument': conversion from 'int' to 'float', possible loss of data
  AddBuffgate.cpp
  AddANDgate3.cpp
  AddANDgate2.cpp
  Generating Code...
cl : command line warning D9035: option 'Gm' has been deprecated and will be removed in a future release
  jutils.c
  jquant2.c
  jquant1.c
  jmemnobs.c
  jmemmgr.c
C:\Users\sohad\Desktop\Project Code Framework\CMUgraphicsLib\jpeg\jmemmgr.c(1103,19): warning C4996: 'getenv': This function or variable may be unsafe. Consider using _dupenv_s instead. To disable deprecation, use _CRT_SECURE_NO_WARNINGS. See online help for details.
C:\Users\sohad\Desktop\Project Code Framework\CMUgraphicsLib\jpeg\jmemmgr.c(1106,11): warning C4996: 'sscanf': This function or variable may be unsafe. Consider using sscanf_s instead. To disable deprecation, use _CRT_SECURE_NO_WARNINGS. See online help for details.
  jidctred.c
  jidctint.c
  jidctfst.c
  jidctflt.c
  jerror.c
C:\Users\sohad\Desktop\Project Code Framework\CMUgraphicsLib\jpeg\jerror.c(169,5): warning C4996: 'sprintf': This function or variable may be unsafe. Consider using sprintf_s instead. To disable deprecation, use _CRT_SECURE_NO_WARNINGS. See online help for details.
C:\Users\sohad\Desktop\Project Code Framework\CMUgraphicsLib\jpeg\jerror.c(171,5): warning C4996: 'sprintf': This function or variable may be unsafe. Consider using sprintf_s instead. To disable deprecation, use _CRT_SECURE_NO_WARNINGS. See online help for details.
  jdtrans.c
  jdsample.c
  jdpostct.c
  jdphuff.c
  jdmerge.c
  jdmaster.c
  jdmarker.c
  jdmainct.c
  jdinput.c
  jdhuff.c
  Generating Code...
  Compiling...
  jddctmgr.c
  jdcolor.c
  jdcoefct.c
  jdatasrc.c
  jdapistd.c
  jdapimin.c
  jcparam.c
  jcomapi.c
  jpegload.c
C:\Users\sohad\Desktop\Project Code Framework\CMUgraphicsLib\jpegload.c(23,12): warning C4996: 'fopen': This function or variable may be unsafe. Consider using fopen_s instead. To disable deprecation, use _CRT_SECURE_NO_WARNINGS. See online help for details.
  Generating Code...
AddANDgate2.obj : warning LNK4075: ignoring '/EDITANDCONTINUE' due to '/SAFESEH' specification
  graphics_prj.vcxproj -> C:\Users\sohad\Desktop\Project Code Framework\Debug\graphics_prj.exe
